[    12.636] 
X.Org X Server 1.21.1.4
X Protocol Version 11, Revision 0
[    12.637] Current Operating System: Linux hellfire01 5.18.15-arch1-1 #1 SMP PREEMPT_DYNAMIC Fri, 29 Jul 2022 22:52:39 +0000 x86_64
[    12.637] Kernel command line: BOOT_IMAGE=/vmlinuz-linux root=UUID=69409b22-088f-46f2-8d07-57a0a115b7c2 rw loglevel=3 quiet
[    12.637]  
[    12.637] Current version of pixman: 0.40.0
[    12.637] 	Before reporting problems, check http://wiki.x.org
	to make sure that you have the latest version.
[    12.637] Markers: (--) probed, (**) from config file, (==) default setting,
	(++) from command line, (!!) notice, (II) informational,
	(WW) warning, (EE) error, (NI) not implemented, (??) unknown.
[    12.637] (==) Log file: "/home/pwnjack/.local/share/xorg/Xorg.0.log", Time: Tue Aug  2 12:27:05 2022
[    12.641] (==) Using system config directory "/usr/share/X11/xorg.conf.d"
[    12.642] (==) No Layout section.  Using the first Screen section.
[    12.642] (==) No screen section available. Using defaults.
[    12.642] (**) |-->Screen "Default Screen Section" (0)
[    12.642] (**) |   |-->Monitor "<default monitor>"
[    12.642] (==) No monitor specified for screen "Default Screen Section".
	Using a default monitor configuration.
[    12.642] (==) Automatically adding devices
[    12.642] (==) Automatically enabling devices
[    12.642] (==) Automatically adding GPU devices
[    12.642] (==) Automatically binding GPU devices
[    12.642] (==) Max clients allowed: 256, resource mask: 0x1fffff
[    12.643] (WW) The directory "/usr/share/fonts/misc" does not exist.
[    12.643] 	Entry deleted from font path.
[    12.644] (WW) The directory "/usr/share/fonts/OTF" does not exist.
[    12.644] 	Entry deleted from font path.
[    12.644] (WW) The directory "/usr/share/fonts/Type1" does not exist.
[    12.644] 	Entry deleted from font path.
[    12.647] (==) FontPath set to:
	/usr/share/fonts/TTF,
	/usr/share/fonts/100dpi,
	/usr/share/fonts/75dpi
[    12.647] (==) ModulePath set to "/usr/lib/xorg/modules"
[    12.647] (II) The server relies on udev to provide the list of input devices.
	If no devices become available, reconfigure udev or disable AutoAddDevices.
[    12.647] (II) Module ABI versions:
[    12.647] 	X.Org ANSI C Emulation: 0.4
[    12.647] 	X.Org Video Driver: 25.2
[    12.647] 	X.Org XInput driver : 24.4
[    12.647] 	X.Org Server Extension : 10.0
[    12.648] (++) using VT number 1

[    12.651] (II) systemd-logind: took control of session /org/freedesktop/login1/session/_31
[    12.652] (II) xfree86: Adding drm device (/dev/dri/card0)
[    12.653] (II) Platform probe for /sys/devices/pci0000:00/0000:00:0f.0/drm/card0
[    12.653] (II) systemd-logind: got fd for /dev/dri/card0 226:0 fd 13 paused 0
[    12.661] (--) PCI:*(0@0:15:0) 15ad:0405:15ad:0405 rev 0, Mem @ 0xf0000000/134217728, 0xfb800000/8388608, I/O @ 0x00002140/16, BIOS @ 0x????????/131072
[    12.661] (WW) Open ACPI failed (/var/run/acpid.socket) (No such file or directory)
[    12.661] (II) LoadModule: "glx"
[    12.662] (II) Loading /usr/lib/xorg/modules/extensions/libglx.so
[    12.672] (II) Module glx: vendor="X.Org Foundation"
[    12.672] 	compiled for 1.21.1.4, module version = 1.0.0
[    12.672] 	ABI class: X.Org Server Extension, version 10.0
[    12.672] (==) Matched vmware as autoconfigured driver 0
[    12.672] (==) Matched modesetting as autoconfigured driver 1
[    12.672] (==) Matched fbdev as autoconfigured driver 2
[    12.672] (==) Matched vesa as autoconfigured driver 3
[    12.672] (==) Assigned the driver to the xf86ConfigLayout
[    12.672] (II) LoadModule: "vmware"
[    12.673] (WW) Warning, couldn't open module vmware
[    12.673] (EE) Failed to load module "vmware" (module does not exist, 0)
[    12.673] (II) LoadModule: "modesetting"
[    12.673] (II) Loading /usr/lib/xorg/modules/drivers/modesetting_drv.so
[    12.675] (II) Module modesetting: vendor="X.Org Foundation"
[    12.675] 	compiled for 1.21.1.4, module version = 1.21.1
[    12.675] 	Module class: X.Org Video Driver
[    12.675] 	ABI class: X.Org Video Driver, version 25.2
[    12.675] (II) LoadModule: "fbdev"
[    12.675] (WW) Warning, couldn't open module fbdev
[    12.675] (EE) Failed to load module "fbdev" (module does not exist, 0)
[    12.675] (II) LoadModule: "vesa"
[    12.675] (II) Loading /usr/lib/xorg/modules/drivers/vesa_drv.so
[    12.676] (II) Module vesa: vendor="X.Org Foundation"
[    12.676] 	compiled for 1.21.1.3, module version = 2.5.0
[    12.676] 	Module class: X.Org Video Driver
[    12.676] 	ABI class: X.Org Video Driver, version 25.2
[    12.676] (II) modesetting: Driver for Modesetting Kernel Drivers: kms
[    12.676] (II) VESA: driver for VESA chipsets: vesa
[    12.676] xf86EnableIO: failed to enable I/O ports 0000-03ff (Operation not permitted)
[    12.676] (II) modeset(0): using drv /dev/dri/card0
[    12.676] (WW) VGA arbiter: cannot open kernel arbiter, no multi-card support
[    12.676] (II) modeset(0): Creating default Display subsection in Screen section
	"Default Screen Section" for depth/fbbpp 24/32
[    12.676] (==) modeset(0): Depth 24, (==) framebuffer bpp 32
[    12.676] (==) modeset(0): RGB weight 888
[    12.676] (==) modeset(0): Default visual is TrueColor
[    12.676] (II) Loading sub module "glamoregl"
[    12.676] (II) LoadModule: "glamoregl"
[    12.677] (II) Loading /usr/lib/xorg/modules/libglamoregl.so
[    12.685] (II) Module glamoregl: vendor="X.Org Foundation"
[    12.685] 	compiled for 1.21.1.4, module version = 1.0.1
[    12.685] 	ABI class: X.Org ANSI C Emulation, version 0.4
[    13.002] (II) modeset(0): Refusing to try glamor on llvmpipe
[    13.008] (II) modeset(0): glamor initialization failed
[    13.008] (II) modeset(0): ShadowFB: preferred NO, enabled NO
[    13.009] (II) modeset(0): Output Virtual-1 has no monitor section
[    13.009] (II) modeset(0): Output Virtual-2 has no monitor section
[    13.009] (II) modeset(0): Output Virtual-3 has no monitor section
[    13.009] (II) modeset(0): Output Virtual-4 has no monitor section
[    13.009] (II) modeset(0): Output Virtual-5 has no monitor section
[    13.009] (II) modeset(0): Output Virtual-6 has no monitor section
[    13.009] (II) modeset(0): Output Virtual-7 has no monitor section
[    13.009] (II) modeset(0): Output Virtual-8 has no monitor section
[    13.010] (II) modeset(0): EDID for output Virtual-1
[    13.010] (II) modeset(0): Printing probed modes for output Virtual-1
[    13.010] (II) modeset(0): Modeline "1024x768"x60.0   64.66  1024 1074 1124 1174  768 818 868 918 -hsync +vsync (55.1 kHz eP)
[    13.010] (II) modeset(0): Modeline "3840x2400"x60.0  592.25  3840 3888 3920 4000  2400 2403 2409 2469 +hsync -vsync (148.1 kHz e)
[    13.010] (II) modeset(0): Modeline "3840x2160"x60.0  533.00  3840 3888 3920 4000  2160 2163 2168 2222 +hsync -vsync (133.2 kHz e)
[    13.010] (II) modeset(0): Modeline "2880x1800"x59.9  337.50  2880 2928 2960 3040  1800 1803 1809 1852 +hsync -vsync (111.0 kHz e)
[    13.010] (II) modeset(0): Modeline "2560x1600"x60.0  348.50  2560 2752 3032 3504  1600 1603 1609 1658 -hsync +vsync (99.5 kHz e)
[    13.010] (II) modeset(0): Modeline "2560x1440"x60.0  241.50  2560 2608 2640 2720  1440 1443 1448 1481 +hsync -vsync (88.8 kHz e)
[    13.010] (II) modeset(0): Modeline "1920x1440"x60.0  234.00  1920 2048 2256 2600  1440 1441 1444 1500 -hsync +vsync (90.0 kHz e)
[    13.010] (II) modeset(0): Modeline "1856x1392"x60.0  218.25  1856 1952 2176 2528  1392 1393 1396 1439 -hsync +vsync (86.3 kHz e)
[    13.010] (II) modeset(0): Modeline "1792x1344"x60.0  204.75  1792 1920 2120 2448  1344 1345 1348 1394 -hsync +vsync (83.6 kHz e)
[    13.010] (II) modeset(0): Modeline "1920x1200"x59.9  193.25  1920 2056 2256 2592  1200 1203 1209 1245 -hsync +vsync (74.6 kHz e)
[    13.010] (II) modeset(0): Modeline "1920x1080"x60.0  173.00  1920 2048 2248 2576  1080 1083 1088 1120 -hsync +vsync (67.2 kHz e)
[    13.010] (II) modeset(0): Modeline "1600x1200"x60.0  162.00  1600 1664 1856 2160  1200 1201 1204 1250 +hsync +vsync (75.0 kHz e)
[    13.010] (II) modeset(0): Modeline "1680x1050"x60.0  146.25  1680 1784 1960 2240  1050 1053 1059 1089 -hsync +vsync (65.3 kHz e)
[    13.010] (II) modeset(0): Modeline "1400x1050"x60.0  121.75  1400 1488 1632 1864  1050 1053 1057 1089 -hsync +vsync (65.3 kHz e)
[    13.010] (II) modeset(0): Modeline "1280x1024"x60.0  108.00  1280 1328 1440 1688  1024 1025 1028 1066 +hsync +vsync (64.0 kHz e)
[    13.010] (II) modeset(0): Modeline "1440x900"x59.9  106.50  1440 1520 1672 1904  900 903 909 934 -hsync +vsync (55.9 kHz e)
[    13.010] (II) modeset(0): Modeline "1280x960"x60.0  108.00  1280 1376 1488 1800  960 961 964 1000 +hsync +vsync (60.0 kHz e)
[    13.010] (II) modeset(0): Modeline "1360x768"x60.0   85.50  1360 1424 1536 1792  768 771 777 795 +hsync +vsync (47.7 kHz e)
[    13.010] (II) modeset(0): Modeline "1280x800"x59.8   83.50  1280 1352 1480 1680  800 803 809 831 +hsync -vsync (49.7 kHz e)
[    13.010] (II) modeset(0): Modeline "1152x864"x75.0  108.00  1152 1216 1344 1600  864 865 868 900 +hsync +vsync (67.5 kHz e)
[    13.010] (II) modeset(0): Modeline "1280x768"x59.9   79.50  1280 1344 1472 1664  768 771 778 798 -hsync +vsync (47.8 kHz e)
[    13.010] (II) modeset(0): Modeline "1280x720"x59.9   74.50  1280 1344 1472 1664  720 723 728 748 -hsync +vsync (44.8 kHz e)
[    13.010] (II) modeset(0): Modeline "1024x768"x60.0   65.00  1024 1048 1184 1344  768 771 777 806 -hsync -vsync (48.4 kHz e)
[    13.010] (II) modeset(0): Modeline "800x600"x60.3   40.00  800 840 968 1056  600 601 605 628 +hsync +vsync (37.9 kHz e)
[    13.010] (II) modeset(0): Modeline "640x480"x59.9   25.18  640 656 752 800  480 489 492 525 -hsync -vsync (31.5 kHz e)
[    13.010] (II) modeset(0): EDID for output Virtual-2
[    13.010] (II) modeset(0): EDID for output Virtual-3
[    13.010] (II) modeset(0): EDID for output Virtual-4
[    13.010] (II) modeset(0): EDID for output Virtual-5
[    13.010] (II) modeset(0): EDID for output Virtual-6
[    13.010] (II) modeset(0): EDID for output Virtual-7
[    13.010] (II) modeset(0): EDID for output Virtual-8
[    13.010] (II) modeset(0): Output Virtual-1 connected
[    13.010] (II) modeset(0): Output Virtual-2 disconnected
[    13.010] (II) modeset(0): Output Virtual-3 disconnected
[    13.010] (II) modeset(0): Output Virtual-4 disconnected
[    13.010] (II) modeset(0): Output Virtual-5 disconnected
[    13.010] (II) modeset(0): Output Virtual-6 disconnected
[    13.010] (II) modeset(0): Output Virtual-7 disconnected
[    13.010] (II) modeset(0): Output Virtual-8 disconnected
[    13.010] (II) modeset(0): Using exact sizes for initial modes
[    13.010] (II) modeset(0): Output Virtual-1 using initial mode 1024x768 +0+0
[    13.010] (==) modeset(0): Using gamma correction (1.0, 1.0, 1.0)
[    13.010] (==) modeset(0): DPI set to (96, 96)
[    13.010] (II) Loading sub module "fb"
[    13.010] (II) LoadModule: "fb"
[    13.010] (II) Module "fb" already built-in
[    13.010] (II) UnloadModule: "vesa"
[    13.010] (II) Unloading vesa
[    13.011] (==) modeset(0): Backing store enabled
[    13.011] (==) modeset(0): Silken mouse enabled
[    13.013] (II) modeset(0): Initializing kms color map for depth 24, 8 bpc.
[    13.013] (==) modeset(0): DPMS enabled
[    13.013] (II) Initializing extension Generic Event Extension
[    13.013] (II) Initializing extension SHAPE
[    13.013] (II) Initializing extension MIT-SHM
[    13.013] (II) Initializing extension XInputExtension
[    13.014] (II) Initializing extension XTEST
[    13.014] (II) Initializing extension BIG-REQUESTS
[    13.015] (II) Initializing extension SYNC
[    13.015] (II) Initializing extension XKEYBOARD
[    13.015] (II) Initializing extension XC-MISC
[    13.015] (II) Initializing extension SECURITY
[    13.016] (II) Initializing extension XFIXES
[    13.016] (II) Initializing extension RENDER
[    13.016] (II) Initializing extension RANDR
[    13.017] (II) Initializing extension COMPOSITE
[    13.017] (II) Initializing extension DAMAGE
[    13.017] (II) Initializing extension MIT-SCREEN-SAVER
[    13.017] (II) Initializing extension DOUBLE-BUFFER
[    13.017] (II) Initializing extension RECORD
[    13.018] (II) Initializing extension DPMS
[    13.018] (II) Initializing extension Present
[    13.018] (II) Initializing extension DRI3
[    13.018] (II) Initializing extension X-Resource
[    13.018] (II) Initializing extension XVideo
[    13.018] (II) Initializing extension XVideo-MotionCompensation
[    13.018] (II) Initializing extension GLX
[    13.018] (II) AIGLX: Screen 0 is not DRI2 capable
[    13.025] (II) IGLX: Loaded and initialized swrast
[    13.025] (II) GLX: Initialized DRISWRAST GL provider for screen 0
[    13.025] (II) Initializing extension XFree86-VidModeExtension
[    13.025] (II) Initializing extension XFree86-DGA
[    13.025] (II) Initializing extension XFree86-DRI
[    13.025] (II) Initializing extension DRI2
[    13.026] (II) modeset(0): Damage tracking initialized
[    13.026] (II) modeset(0): Setting screen physical size to 270 x 203
[    13.182] (II) config/udev: Adding input device Power Button (/dev/input/event0)
[    13.183] (**) Power Button: Applying InputClass "libinput keyboard catchall"
[    13.183] (II) LoadModule: "libinput"
[    13.183] (II) Loading /usr/lib/xorg/modules/input/libinput_drv.so
[    13.191] (II) Module libinput: vendor="X.Org Foundation"
[    13.191] 	compiled for 1.21.1.3, module version = 1.2.1
[    13.191] 	Module class: X.Org XInput Driver
[    13.191] 	ABI class: X.Org XInput driver, version 24.4
[    13.191] (II) Using input driver 'libinput' for 'Power Button'
[    13.192] (II) systemd-logind: got fd for /dev/input/event0 13:64 fd 21 paused 0
[    13.192] (**) Power Button: always reports core events
[    13.192] (**) Option "Device" "/dev/input/event0"
[    13.216] (II) event0  - Power Button: is tagged by udev as: Keyboard
[    13.216] (II) event0  - Power Button: device is a keyboard
[    13.217] (II) event0  - Power Button: device removed
[    13.217] (**) Option "config_info" "udev:/sys/devices/LNXSYSTM:00/LNXPWRBN:00/input/input0/event0"
[    13.217] (II) XINPUT: Adding extended input device "Power Button" (type: KEYBOARD, id 6)
[    13.218] (II) event0  - Power Button: is tagged by udev as: Keyboard
[    13.218] (II) event0  - Power Button: device is a keyboard
[    13.220] (II) config/udev: Adding input device VMware VMware Virtual USB Mouse (/dev/input/event1)
[    13.221] (**) VMware VMware Virtual USB Mouse: Applying InputClass "libinput pointer catchall"
[    13.221] (II) Using input driver 'libinput' for 'VMware VMware Virtual USB Mouse'
[    13.277] (II) systemd-logind: got fd for /dev/input/event1 13:65 fd 24 paused 0
[    13.277] (**) VMware VMware Virtual USB Mouse: always reports core events
[    13.277] (**) Option "Device" "/dev/input/event1"
[    13.284] (II) event1  - VMware VMware Virtual USB Mouse: is tagged by udev as: Mouse
[    13.285] (II) event1  - VMware VMware Virtual USB Mouse: device is a pointer
[    13.285] (II) event1  - VMware VMware Virtual USB Mouse: device removed
[    13.285] (**) Option "config_info" "udev:/sys/devices/pci0000:00/0000:00:11.0/0000:02:00.0/usb2/2-1/2-1:1.0/0003:0E0F:0003.0001/input/input1/event1"
[    13.285] (II) XINPUT: Adding extended input device "VMware VMware Virtual USB Mouse" (type: MOUSE, id 7)
[    13.286] (**) Option "AccelerationScheme" "none"
[    13.286] (**) VMware VMware Virtual USB Mouse: (accel) selected scheme none/0
[    13.286] (**) VMware VMware Virtual USB Mouse: (accel) acceleration factor: 2.000
[    13.286] (**) VMware VMware Virtual USB Mouse: (accel) acceleration threshold: 4
[    13.290] (II) event1  - VMware VMware Virtual USB Mouse: is tagged by udev as: Mouse
[    13.291] (II) event1  - VMware VMware Virtual USB Mouse: device is a pointer
[    13.293] (II) config/udev: Adding input device VMware VMware Virtual USB Mouse (/dev/input/mouse0)
[    13.293] (II) No input driver specified, ignoring this device.
[    13.293] (II) This device may have been added with another device file.
[    13.295] (II) config/udev: Adding input device AT Translated Set 2 keyboard (/dev/input/event2)
[    13.295] (**) AT Translated Set 2 keyboard: Applying InputClass "libinput keyboard catchall"
[    13.295] (II) Using input driver 'libinput' for 'AT Translated Set 2 keyboard'
[    13.298] (II) systemd-logind: got fd for /dev/input/event2 13:66 fd 25 paused 0
[    13.298] (**) AT Translated Set 2 keyboard: always reports core events
[    13.298] (**) Option "Device" "/dev/input/event2"
[    13.301] (II) event2  - AT Translated Set 2 keyboard: is tagged by udev as: Keyboard
[    13.301] (II) event2  - AT Translated Set 2 keyboard: device is a keyboard
[    13.302] (II) event2  - AT Translated Set 2 keyboard: device removed
[    13.303] (**) Option "config_info" "udev:/sys/devices/platform/i8042/serio0/input/input2/event2"
[    13.303] (II) XINPUT: Adding extended input device "AT Translated Set 2 keyboard" (type: KEYBOARD, id 8)
[    13.307] (II) event2  - AT Translated Set 2 keyboard: is tagged by udev as: Keyboard
[    13.307] (II) event2  - AT Translated Set 2 keyboard: device is a keyboard
[    13.311] (II) config/udev: Adding input device VirtualPS/2 VMware VMMouse (/dev/input/event4)
[    13.311] (**) VirtualPS/2 VMware VMMouse: Applying InputClass "libinput pointer catchall"
[    13.311] (II) Using input driver 'libinput' for 'VirtualPS/2 VMware VMMouse'
[    13.314] (II) systemd-logind: got fd for /dev/input/event4 13:68 fd 26 paused 0
[    13.314] (**) VirtualPS/2 VMware VMMouse: always reports core events
[    13.314] (**) Option "Device" "/dev/input/event4"
[    13.316] (II) event4  - VirtualPS/2 VMware VMMouse: is tagged by udev as: Mouse
[    13.317] (II) event4  - VirtualPS/2 VMware VMMouse: device is a pointer
[    13.318] (II) event4  - VirtualPS/2 VMware VMMouse: device removed
[    13.318] (**) Option "config_info" "udev:/sys/devices/platform/i8042/serio1/input/input4/event4"
[    13.318] (II) XINPUT: Adding extended input device "VirtualPS/2 VMware VMMouse" (type: MOUSE, id 9)
[    13.318] (**) Option "AccelerationScheme" "none"
[    13.318] (**) VirtualPS/2 VMware VMMouse: (accel) selected scheme none/0
[    13.318] (**) VirtualPS/2 VMware VMMouse: (accel) acceleration factor: 2.000
[    13.318] (**) VirtualPS/2 VMware VMMouse: (accel) acceleration threshold: 4
[    13.321] (II) event4  - VirtualPS/2 VMware VMMouse: is tagged by udev as: Mouse
[    13.321] (II) event4  - VirtualPS/2 VMware VMMouse: device is a pointer
[    13.323] (II) config/udev: Adding input device VirtualPS/2 VMware VMMouse (/dev/input/mouse2)
[    13.324] (II) No input driver specified, ignoring this device.
[    13.324] (II) This device may have been added with another device file.
[    13.324] (II) config/udev: Adding input device VirtualPS/2 VMware VMMouse (/dev/input/event3)
[    13.324] (**) VirtualPS/2 VMware VMMouse: Applying InputClass "libinput pointer catchall"
[    13.324] (II) Using input driver 'libinput' for 'VirtualPS/2 VMware VMMouse'
[    13.326] (II) systemd-logind: got fd for /dev/input/event3 13:67 fd 27 paused 0
[    13.326] (**) VirtualPS/2 VMware VMMouse: always reports core events
[    13.326] (**) Option "Device" "/dev/input/event3"
[    13.328] (II) event3  - VirtualPS/2 VMware VMMouse: is tagged by udev as: Mouse
[    13.329] (II) event3  - VirtualPS/2 VMware VMMouse: device is a pointer
[    13.330] (II) event3  - VirtualPS/2 VMware VMMouse: device removed
[    13.330] (**) Option "config_info" "udev:/sys/devices/platform/i8042/serio1/input/input5/event3"
[    13.330] (II) XINPUT: Adding extended input device "VirtualPS/2 VMware VMMouse" (type: MOUSE, id 10)
[    13.330] (**) Option "AccelerationScheme" "none"
[    13.330] (**) VirtualPS/2 VMware VMMouse: (accel) selected scheme none/0
[    13.331] (**) VirtualPS/2 VMware VMMouse: (accel) acceleration factor: 2.000
[    13.331] (**) VirtualPS/2 VMware VMMouse: (accel) acceleration threshold: 4
[    13.333] (II) event3  - VirtualPS/2 VMware VMMouse: is tagged by udev as: Mouse
[    13.334] (II) event3  - VirtualPS/2 VMware VMMouse: device is a pointer
[    13.336] (II) config/udev: Adding input device VirtualPS/2 VMware VMMouse (/dev/input/mouse1)
[    13.336] (II) No input driver specified, ignoring this device.
[    13.336] (II) This device may have been added with another device file.
[    13.337] (II) config/udev: Adding input device PC Speaker (/dev/input/event5)
[    13.337] (II) No input driver specified, ignoring this device.
[    13.337] (II) This device may have been added with another device file.
[   546.201] (II) modeset(0): Allocate new frame buffer 1920x1080 stride
[   965.149] (**) Option "fd" "21"
[   965.149] (II) event0  - Power Button: device removed
[   965.149] (**) Option "fd" "24"
[   965.149] (II) event1  - VMware VMware Virtual USB Mouse: device removed
[   965.149] (**) Option "fd" "25"
[   965.149] (II) event2  - AT Translated Set 2 keyboard: device removed
[   965.149] (**) Option "fd" "26"
[   965.149] (II) event4  - VirtualPS/2 VMware VMMouse: device removed
[   965.149] (**) Option "fd" "27"
[   965.149] (II) event3  - VirtualPS/2 VMware VMMouse: device removed
[   965.150] (II) UnloadModule: "libinput"
[   965.150] (II) systemd-logind: releasing fd for 13:67
[   965.253] (II) UnloadModule: "libinput"
[   965.253] (II) systemd-logind: releasing fd for 13:68
[   965.296] (II) UnloadModule: "libinput"
[   965.296] (II) systemd-logind: releasing fd for 13:66
[   965.316] (II) UnloadModule: "libinput"
[   965.316] (II) systemd-logind: releasing fd for 13:65
[   965.361] (II) UnloadModule: "libinput"
[   965.361] (II) systemd-logind: releasing fd for 13:64
[   965.382] (WW) xf86CloseConsole: KDSETMODE failed: Input/output error
[   965.382] (WW) xf86CloseConsole: VT_GETMODE failed: Input/output error
[   965.382] (WW) xf86OpenConsole: VT_GETSTATE failed: Input/output error
[   965.383] (II) Server terminated successfully (0). Closing log file.
