[2022-08-05 11:26:58.339] [exthost] [info] Extension host with pid 197736 started
[2022-08-05 11:26:58.413] [exthost] [info] ExtensionService#_doActivateExtension vscode.debug-auto-launch, startup: true, activationEvent: '*'
[2022-08-05 11:26:58.425] [exthost] [info] ExtensionService#_doActivateExtension vscode.git-base, startup: true, activationEvent: '*', root cause: vscode.git
[2022-08-05 11:26:58.431] [exthost] [info] ExtensionService#_doActivateExtension vscode.ipynb, startup: true, activationEvent: '*'
[2022-08-05 11:26:58.448] [exthost] [info] ExtensionService#_doActivateExtension vscode.git, startup: true, activationEvent: '*'
[2022-08-05 11:26:58.536] [exthost] [info] ExtensionService#_doActivateExtension vscode.github, startup: true, activationEvent: '*'
[2022-08-05 11:26:58.620] [exthost] [info] Eager extensions activated
[2022-08-05 11:26:58.643] [exthost] [info] ExtensionService#_doActivateExtension vscode.emmet, startup: false, activationEvent: 'onStartupFinished'
[2022-08-05 11:26:58.666] [exthost] [info] ExtensionService#_doActivateExtension vscode.merge-conflict, startup: false, activationEvent: 'onStartupFinished'
[2022-08-05 11:27:59.793] [exthost] [info] Extension host terminating: received terminate message from renderer
[2022-08-05 11:27:59.805] [exthost] [info] Extension host with pid 197736 exiting with code 0
[2022-08-05 11:28:03.183] [exthost] [info] Extension host with pid 204513 started
[2022-08-05 11:28:03.183] [exthost] [info] Skipping acquiring lock for /home/pwnjack/.config/Code - OSS/User/workspaceStorage/3a2ccdf985f132be8ddaa0bd45a2b45d.
[2022-08-05 11:28:03.373] [exthost] [info] ExtensionService#_doActivateExtension vscode.debug-auto-launch, startup: true, activationEvent: '*'
[2022-08-05 11:28:03.380] [exthost] [info] ExtensionService#_doActivateExtension vscode.git-base, startup: true, activationEvent: '*'
[2022-08-05 11:28:03.383] [exthost] [info] ExtensionService#_doActivateExtension vscode.ipynb, startup: true, activationEvent: '*'
[2022-08-05 11:28:03.422] [exthost] [info] ExtensionService#_doActivateExtension vscode.github, startup: true, activationEvent: '*'
[2022-08-05 11:28:03.433] [exthost] [info] Eager extensions activated
[2022-08-05 11:28:03.437] [exthost] [info] ExtensionService#_doActivateExtension vscode.emmet, startup: false, activationEvent: 'onStartupFinished'
[2022-08-05 11:28:03.445] [exthost] [info] ExtensionService#_doActivateExtension vscode.merge-conflict, startup: false, activationEvent: 'onStartupFinished'
[2022-08-05 11:28:03.809] [exthost] [info] ExtensionService#_doActivateExtension vscode.git, startup: false, activationEvent: 'api', root cause: vscode.github
[2022-08-05 11:28:17.591] [exthost] [info] ExtensionService#_doActivateExtension vscode.configuration-editing, startup: false, activationEvent: 'onLanguage:jsonc'
[2022-08-05 11:28:17.600] [exthost] [info] ExtensionService#_doActivateExtension vscode.json-language-features, startup: false, activationEvent: 'onLanguage:jsonc'
[2022-08-05 11:28:17.633] [exthost] [info] ExtensionService#_doActivateExtension vscode.typescript-language-features, startup: false, activationEvent: 'onLanguage:jsonc'
[2022-08-05 11:32:07.188] [exthost] [info] Extension host terminating: received terminate message from renderer
[2022-08-05 11:32:07.204] [exthost] [info] Extension host with pid 204513 exiting with code 0
